c:\users\pedro\desktop\repo\proyectos2\nineandocorp\proyectoh\x64\debug\vc143.pdb
c:\users\pedro\desktop\repo\proyectos2\nineandocorp\proyectoh\x64\debug\vc143.idb
c:\users\pedro\desktop\repo\proyectos2\nineandocorp\proyectoh\x64\debug\vector2d.obj
c:\users\pedro\desktop\repo\proyectos2\nineandocorp\proyectoh\x64\debug\collisions.obj
c:\users\pedro\desktop\repo\proyectos2\nineandocorp\proyectoh\x64\debug\texture.obj
c:\users\pedro\desktop\repo\proyectos2\nineandocorp\proyectoh\x64\debug\soundeffect.obj
c:\users\pedro\desktop\repo\proyectos2\nineandocorp\proyectoh\x64\debug\sdlutils_demo.obj
c:\users\pedro\desktop\repo\proyectos2\nineandocorp\proyectoh\x64\debug\sdlutils.obj
c:\users\pedro\desktop\repo\proyectos2\nineandocorp\proyectoh\x64\debug\main.obj
c:\users\pedro\desktop\repo\proyectos2\nineandocorp\proyectoh\x64\debug\json_demo.obj
c:\users\pedro\desktop\repo\proyectos2\nineandocorp\proyectoh\x64\debug\jsonvalue.obj
c:\users\pedro\desktop\repo\proyectos2\nineandocorp\proyectoh\x64\debug\json.obj
c:\users\pedro\desktop\repo\proyectos2\nineandocorp\bin\proyectohdebug.exe
c:\users\pedro\desktop\repo\proyectos2\nineandocorp\proyectoh\x64\debug\proyectohdebug.ilk
c:\users\pedro\desktop\repo\proyectos2\nineandocorp\bin\proyectohdebug.pdb
c:\users\pedro\desktop\repo\proyectos2\nineandocorp\proyectoh\x64\debug\tpv2debug.ilk
c:\users\pedro\desktop\repo\proyectos2\nineandocorp\proyectoh\x64\debug\proyectoh.tlog\cl.command.1.tlog
c:\users\pedro\desktop\repo\proyectos2\nineandocorp\proyectoh\x64\debug\proyectoh.tlog\cl.items.tlog
c:\users\pedro\desktop\repo\proyectos2\nineandocorp\proyectoh\x64\debug\proyectoh.tlog\cl.read.1.tlog
c:\users\pedro\desktop\repo\proyectos2\nineandocorp\proyectoh\x64\debug\proyectoh.tlog\cl.write.1.tlog
c:\users\pedro\desktop\repo\proyectos2\nineandocorp\proyectoh\x64\debug\proyectoh.tlog\link.command.1.tlog
c:\users\pedro\desktop\repo\proyectos2\nineandocorp\proyectoh\x64\debug\proyectoh.tlog\link.read.1.tlog
c:\users\pedro\desktop\repo\proyectos2\nineandocorp\proyectoh\x64\debug\proyectoh.tlog\link.write.1.tlog
